<?xml version="1.0" encoding="UTF-8"?>
<!-- Generated by org.testng.reporters.JUnitReportReporter -->
<testsuite hostname="CTX-SYD-VDI6048" name="test_click" tests="1" failures="0" timestamp="20 Feb 2019 04:35:58 GMT" time="0.608" errors="0">
  <testcase name="testClick" time="0.608" classname="test_click"/>
</testsuite> <!-- test_click -->
