<?xml version="1.0" encoding="UTF-8"?>
<!-- Generated by org.testng.reporters.JUnitReportReporter -->
<testsuite hostname="CTX-SYD-VDI6048" name="test_Shakeout" tests="1" failures="0" timestamp="20 Feb 2019 04:35:58 GMT" time="0.559" errors="0">
  <testcase name="testlogin" time="0.559" classname="test_Shakeout"/>
</testsuite> <!-- test_Shakeout -->
